<?xml version="1.0" encoding="UTF-8"?>
<!-- Generated by org.testng.reporters.JUnitXMLReporter -->
<testsuite ignored="0" hostname="DESKTOP-EMPDI8J" failures="0" tests="12" name="Default test" time="13.237" errors="0" timestamp="2026-06-17T00:46:57 IST">
  <testcase classname="com.automation.api.tests.RestAssuredCrudTest" name="validateGetSinglePost" time="4.053"/>
  <testcase classname="com.automation.api.tests.RestAssuredCrudTest" name="createPostUsingMap" time="1.054"/>
  <testcase classname="com.automation.api.tests.RestAssuredCrudTest" name="extractDataAndAssert" time="0.585"/>
  <testcase classname="com.automation.api.tests.RestAssuredCrudTest" name="testQueryParameter" time="0.6"/>
  <testcase classname="com.automation.api.tests.RestAssuredCrudTest" name="updatePostUsingPut" time="0.916"/>
  <testcase classname="com.automation.api.tests.RestAssuredCrudTest" name="deletePost" time="0.6"/>
  <testcase classname="com.automation.api.tests.RestAssuredCrudTest" name="createPostUsingPOJO" time="0.685"/>
  <testcase classname="com.automation.api.tests.RestAssuredCrudTest" name="getPostAndConvertToObject" time="0.609"/>
  <testcase classname="com.automation.api.tests.RestAssuredCrudTest" name="validateUsingJsonPath" time="0.622"/>
  <testcase classname="com.automation.api.tests.RestAssuredCrudTest" name="createPostDataDriven" time="0.821"/>
  <testcase classname="com.automation.api.tests.RestAssuredCrudTest" name="createPostDataDriven" time="0.614"/>
  <testcase classname="com.automation.api.tests.RestAssuredCrudTest" name="createPostDataDriven" time="0.602"/>
</testsuite> <!-- Default test -->
