<?xml version="1.0" encoding="UTF-8"?>
<!-- Generated by org.testng.reporters.JUnitXMLReporter -->
<testsuite ignored="0" hostname="DESKTOP-EMPDI8J" failures="0" tests="12" name="Default test" time="11.415" errors="0" timestamp="2026-07-02T21:27:08 IST">
  <testcase classname="com.automation.api.tests.RestAssuredCrudTest" name="validateGetSinglePost" time="3.406"/>
  <testcase classname="com.automation.api.tests.RestAssuredCrudTest" name="createPostUsingMap" time="0.982"/>
  <testcase classname="com.automation.api.tests.RestAssuredCrudTest" name="extractDataAndAssert" time="0.548"/>
  <testcase classname="com.automation.api.tests.RestAssuredCrudTest" name="testQueryParameter" time="0.553"/>
  <testcase classname="com.automation.api.tests.RestAssuredCrudTest" name="updatePostUsingPut" time="0.821"/>
  <testcase classname="com.automation.api.tests.RestAssuredCrudTest" name="deletePost" time="0.541"/>
  <testcase classname="com.automation.api.tests.RestAssuredCrudTest" name="createPostUsingPOJO" time="0.605"/>
  <testcase classname="com.automation.api.tests.RestAssuredCrudTest" name="getPostAndConvertToObject" time="0.531"/>
  <testcase classname="com.automation.api.tests.RestAssuredCrudTest" name="validateUsingJsonPath" time="0.528"/>
  <testcase classname="com.automation.api.tests.RestAssuredCrudTest" name="createPostDataDriven" time="0.59"/>
  <testcase classname="com.automation.api.tests.RestAssuredCrudTest" name="createPostDataDriven" time="0.577"/>
  <testcase classname="com.automation.api.tests.RestAssuredCrudTest" name="createPostDataDriven" time="0.596"/>
</testsuite> <!-- Default test -->
