<?xml version="1.0" encoding="UTF-8"?>
<!-- Generated by org.testng.reporters.JUnitXMLReporter -->
<testsuite ignored="0" hostname="DESKTOP-EMPDI8J" failures="0" tests="12" name="Test" time="11.478" errors="0" timestamp="2026-06-17T00:47:58 IST">
  <testcase classname="com.automation.api.tests.RestAssuredCrudTest" name="validateGetSinglePost" time="2.903"/>
  <testcase classname="com.automation.api.tests.RestAssuredCrudTest" name="createPostUsingMap" time="0.994"/>
  <testcase classname="com.automation.api.tests.RestAssuredCrudTest" name="extractDataAndAssert" time="0.613"/>
  <testcase classname="com.automation.api.tests.RestAssuredCrudTest" name="testQueryParameter" time="0.61"/>
  <testcase classname="com.automation.api.tests.RestAssuredCrudTest" name="updatePostUsingPut" time="0.812"/>
  <testcase classname="com.automation.api.tests.RestAssuredCrudTest" name="deletePost" time="0.577"/>
  <testcase classname="com.automation.api.tests.RestAssuredCrudTest" name="createPostUsingPOJO" time="0.778"/>
  <testcase classname="com.automation.api.tests.RestAssuredCrudTest" name="getPostAndConvertToObject" time="0.549"/>
  <testcase classname="com.automation.api.tests.RestAssuredCrudTest" name="validateUsingJsonPath" time="0.526"/>
  <testcase classname="com.automation.api.tests.RestAssuredCrudTest" name="createPostDataDriven" time="0.605"/>
  <testcase classname="com.automation.api.tests.RestAssuredCrudTest" name="createPostDataDriven" time="0.568"/>
  <testcase classname="com.automation.api.tests.RestAssuredCrudTest" name="createPostDataDriven" time="0.563"/>
</testsuite> <!-- Test -->
