<?xml version="1.0" encoding="UTF-8"?>
<!-- Generated by org.testng.reporters.JUnitXMLReporter -->
<testsuite ignored="0" hostname="DESKTOP-EMPDI8J" failures="0" tests="12" name="Test" time="11.105" errors="0" timestamp="2026-07-02T21:13:21 IST">
  <testcase classname="com.automation.api.tests.RestAssuredCrudTest" name="validateGetSinglePost" time="2.775"/>
  <testcase classname="com.automation.api.tests.RestAssuredCrudTest" name="createPostUsingMap" time="1.046"/>
  <testcase classname="com.automation.api.tests.RestAssuredCrudTest" name="extractDataAndAssert" time="0.619"/>
  <testcase classname="com.automation.api.tests.RestAssuredCrudTest" name="testQueryParameter" time="0.497"/>
  <testcase classname="com.automation.api.tests.RestAssuredCrudTest" name="updatePostUsingPut" time="0.781"/>
  <testcase classname="com.automation.api.tests.RestAssuredCrudTest" name="deletePost" time="0.608"/>
  <testcase classname="com.automation.api.tests.RestAssuredCrudTest" name="createPostUsingPOJO" time="0.627"/>
  <testcase classname="com.automation.api.tests.RestAssuredCrudTest" name="getPostAndConvertToObject" time="0.532"/>
  <testcase classname="com.automation.api.tests.RestAssuredCrudTest" name="validateUsingJsonPath" time="0.557"/>
  <testcase classname="com.automation.api.tests.RestAssuredCrudTest" name="createPostDataDriven" time="0.595"/>
  <testcase classname="com.automation.api.tests.RestAssuredCrudTest" name="createPostDataDriven" time="0.606"/>
  <testcase classname="com.automation.api.tests.RestAssuredCrudTest" name="createPostDataDriven" time="0.58"/>
</testsuite> <!-- Test -->
