<?xml version="1.0" encoding="UTF-8"?>
<testsuite xmlns:xsi="http://www.w3.org/2001/XMLSchema-instance" xsi:noNamespaceSchemaLocation="https://maven.apache.org/surefire/maven-surefire-plugin/xsd/surefire-test-report.xsd" version="3.0.2" name="TestSuite" time="12.537" tests="12" errors="0" skipped="0" failures="0" flakes="0">
  <properties>
[...]
</properties>
  <testcase name="validateGetSinglePost" classname="com.automation.api.tests.RestAssuredCrudTest" time="2.906">
    <system-out><![CDATA[Successfully Validated GET single POST
]]></system-out>
    <system-err><![CDATA[SLF4J(W): No SLF4J providers were found.
SLF4J(W): Defaulting to no-operation (NOP) logger implementation
SLF4J(W): See https://www.slf4j.org/codes.html#noProviders for further details.
]]></system-err>
  </testcase>
  <testcase name="createPostUsingMap" classname="com.automation.api.tests.RestAssuredCrudTest" time="0.981">
    <system-out><![CDATA[Successfully Created POST using HashMap
]]></system-out>
  </testcase>
  <testcase name="extractDataAndAssert" classname="com.automation.api.tests.RestAssuredCrudTest" time="0.616">
    <system-out><![CDATA[Successfully Extracted DATA and ASSERT
]]></system-out>
  </testcase>
  <testcase name="testQueryParameter" classname="com.automation.api.tests.RestAssuredCrudTest" time="0.608">
    <system-out><![CDATA[Query Parameter Using and get to first title : sunt aut facere repellat provident occaecati excepturi optio reprehenderit
Successfully Tested Query Parameter
]]></system-out>
  </testcase>
  <testcase name="updatePostUsingPut" classname="com.automation.api.tests.RestAssuredCrudTest" time="0.807">
    <system-out><![CDATA[Successfully Updated POST using PUT
]]></system-out>
  </testcase>
  <testcase name="deletePost" classname="com.automation.api.tests.RestAssuredCrudTest" time="0.58">
    <system-out><![CDATA[Successfully DELETED Post
]]></system-out>
  </testcase>
  <testcase name="createPostUsingPOJO" classname="com.automation.api.tests.RestAssuredCrudTest" time="0.778">
    <system-out><![CDATA[Successfully Created POST using POJO
]]></system-out>
  </testcase>
  <testcase name="getPostAndConvertToObject" classname="com.automation.api.tests.RestAssuredCrudTest" time="0.557">
    <system-out><![CDATA[----POJO De-serializtion Result----
Fetched Title via POJO : nesciunt quas odio
Fetched Body vis POJO : repudiandae veniam quaerat sunt sed
alias aut fugiat sit autem sed est
voluptatem omnis possimus esse voluptatibus quis
est aut tenetur dolor neque
Fetched UserId via POJO : 1
Fetched Id via POJO : 5
Successfully GET POST and Converted to Object
]]></system-out>
  </testcase>
  <testcase name="validateUsingJsonPath" classname="com.automation.api.tests.RestAssuredCrudTest" time="0.529">
    <system-out><![CDATA[-----Extracting via JsonPath-----
Extracted Title via JsonPath : nesciunt quas odio
Extracted Body via JsonPath : repudiandae veniam quaerat sunt sed
alias aut fugiat sit autem sed est
voluptatem omnis possimus esse voluptatibus quis
est aut tenetur dolor neque
Extracted UserId via JsonPath : 1
Extracted Id via JsonPath : 5
Successfully Validated using JsonPath
]]></system-out>
  </testcase>
  <testcase name="createPostDataDriven[Sudhir Automation Hero, Learning Data Driven Testing, 11](1)" classname="com.automation.api.tests.RestAssuredCrudTest" time="0.607">
    <system-out><![CDATA[Successfully Created Data Driven POST for Title : Sudhir Automation Hero
]]></system-out>
  </testcase>
  <testcase name="createPostDataDriven[Sameer RestAssured Guide, Mastering API Automation, 22](2)" classname="com.automation.api.tests.RestAssuredCrudTest" time="0.57">
    <system-out><![CDATA[Successfully Created Data Driven POST for Title : Sameer RestAssured Guide
]]></system-out>
  </testcase>
  <testcase name="createPostDataDriven[Java Advanced concept, Deep dive to into Frameworks, 33](3)" classname="com.automation.api.tests.RestAssuredCrudTest" time="0.562">
    <system-out><![CDATA[Successfully Created Data Driven POST for Title : Java Advanced concept
]]></system-out>
  </testcase>
</testsuite>